<?xml version="1.0" encoding="UTF-8"?>
<testsuite xmlns:xsi="http://www.w3.org/2001/XMLSchema-instance" xsi:noNamespaceSchemaLocation="https://maven.apache.org/surefire/maven-surefire-plugin/xsd/surefire-test-report-3.0.xsd" version="3.0" name="edu.brown.cs.amanjal_mdeetman.WeatherRouterApp.routing.main.stars.StarsTest" time="0.017" tests="14" errors="0" skipped="0" failures="3">
  <properties>
    <property name="gopherProxySet" value="false"/>
    <property name="awt.toolkit" value="sun.lwawt.macosx.LWCToolkit"/>
    <property name="java.specification.version" value="11"/>
    <property name="sun.cpu.isalist" value=""/>
    <property name="sun.jnu.encoding" value="UTF-8"/>
    <property name="java.class.path" value="/Users/naveen/cs0320/term-project-amanjal-igurland-jpate-nsharm25/target/test-classes:/Users/naveen/cs0320/term-project-amanjal-igurland-jpate-nsharm25/target/classes:/Users/naveen/.m2/repository/net/sf/jopt-simple/jopt-simple/6.0-alpha-3/jopt-simple-6.0-alpha-3.jar:/Users/naveen/.m2/repository/junit/junit/4.13/junit-4.13.jar:/Users/naveen/.m2/repository/org/hamcrest/hamcrest-core/1.3/hamcrest-core-1.3.jar:/Users/naveen/.m2/repository/org/hamcrest/hamcrest-all/1.3/hamcrest-all-1.3.jar:/Users/naveen/.m2/repository/org/slf4j/slf4j-api/2.0.0-alpha1/slf4j-api-2.0.0-alpha1.jar:/Users/naveen/.m2/repository/org/slf4j/slf4j-jdk14/2.0.0-alpha1/slf4j-jdk14-2.0.0-alpha1.jar:/Users/naveen/.m2/repository/com/google/guava/guava/28.2-jre/guava-28.2-jre.jar:/Users/naveen/.m2/repository/com/google/guava/failureaccess/1.0.1/failureaccess-1.0.1.jar:/Users/naveen/.m2/repository/com/google/guava/listenablefuture/9999.0-empty-to-avoid-conflict-with-guava/listenablefuture-9999.0-empty-to-avoid-conflict-with-guava.jar:/Users/naveen/.m2/repository/com/google/code/findbugs/jsr305/3.0.2/jsr305-3.0.2.jar:/Users/naveen/.m2/repository/org/checkerframework/checker-qual/2.10.0/checker-qual-2.10.0.jar:/Users/naveen/.m2/repository/com/google/errorprone/error_prone_annotations/2.3.4/error_prone_annotations-2.3.4.jar:/Users/naveen/.m2/repository/com/google/j2objc/j2objc-annotations/1.3/j2objc-annotations-1.3.jar:/Users/naveen/.m2/repository/com/google/code/gson/gson/2.8.6/gson-2.8.6.jar:/Users/naveen/.m2/repository/com/sparkjava/spark-core/2.9.1/spark-core-2.9.1.jar:/Users/naveen/.m2/repository/org/eclipse/jetty/jetty-server/9.4.18.v20190429/jetty-server-9.4.18.v20190429.jar:/Users/naveen/.m2/repository/javax/servlet/javax.servlet-api/3.1.0/javax.servlet-api-3.1.0.jar:/Users/naveen/.m2/repository/org/eclipse/jetty/jetty-http/9.4.18.v20190429/jetty-http-9.4.18.v20190429.jar:/Users/naveen/.m2/repository/org/eclipse/jetty/jetty-util/9.4.18.v20190429/jetty-util-9.4.18.v20190429.jar:/Users/naveen/.m2/repository/org/eclipse/jetty/jetty-io/9.4.18.v20190429/jetty-io-9.4.18.v20190429.jar:/Users/naveen/.m2/repository/org/eclipse/jetty/jetty-webapp/9.4.18.v20190429/jetty-webapp-9.4.18.v20190429.jar:/Users/naveen/.m2/repository/org/eclipse/jetty/jetty-xml/9.4.18.v20190429/jetty-xml-9.4.18.v20190429.jar:/Users/naveen/.m2/repository/org/eclipse/jetty/jetty-servlet/9.4.18.v20190429/jetty-servlet-9.4.18.v20190429.jar:/Users/naveen/.m2/repository/org/eclipse/jetty/jetty-security/9.4.18.v20190429/jetty-security-9.4.18.v20190429.jar:/Users/naveen/.m2/repository/org/eclipse/jetty/websocket/websocket-server/9.4.18.v20190429/websocket-server-9.4.18.v20190429.jar:/Users/naveen/.m2/repository/org/eclipse/jetty/websocket/websocket-common/9.4.18.v20190429/websocket-common-9.4.18.v20190429.jar:/Users/naveen/.m2/repository/org/eclipse/jetty/websocket/websocket-client/9.4.18.v20190429/websocket-client-9.4.18.v20190429.jar:/Users/naveen/.m2/repository/org/eclipse/jetty/jetty-client/9.4.18.v20190429/jetty-client-9.4.18.v20190429.jar:/Users/naveen/.m2/repository/org/eclipse/jetty/websocket/websocket-servlet/9.4.18.v20190429/websocket-servlet-9.4.18.v20190429.jar:/Users/naveen/.m2/repository/org/eclipse/jetty/websocket/websocket-api/9.4.18.v20190429/websocket-api-9.4.18.v20190429.jar:/Users/naveen/.m2/repository/com/sparkjava/spark-template-freemarker/2.7.1/spark-template-freemarker-2.7.1.jar:/Users/naveen/.m2/repository/org/freemarker/freemarker/2.3.26-incubating/freemarker-2.3.26-incubating.jar:/Users/naveen/.m2/repository/org/xerial/sqlite-jdbc/3.30.1/sqlite-jdbc-3.30.1.jar:/Users/naveen/.m2/repository/com/vaadin/external/google/android-json/0.0.20131108.vaadin1/android-json-0.0.20131108.vaadin1.jar:"/>
    <property name="java.vm.vendor" value="Oracle Corporation"/>
    <property name="sun.arch.data.model" value="64"/>
    <property name="java.vendor.url" value="https://openjdk.java.net/"/>
    <property name="user.timezone" value="America/Toronto"/>
    <property name="java.vm.specification.version" value="11"/>
    <property name="os.name" value="Mac OS X"/>
    <property name="sun.java.launcher" value="SUN_STANDARD"/>
    <property name="user.country" value="CA"/>
    <property name="sun.boot.library.path" value="/Library/Java/JavaVirtualMachines/jdk-11.0.9.jdk/Contents/Home/lib"/>
    <property name="sun.java.command" value="/Users/naveen/cs0320/term-project-amanjal-igurland-jpate-nsharm25/target/surefire/surefirebooter10794993381195013131.jar /Users/naveen/cs0320/term-project-amanjal-igurland-jpate-nsharm25/target/surefire 2021-04-21T08-46-25_554-jvmRun1 surefire3946080135169233743tmp surefire_08944891236936509946tmp"/>
    <property name="http.nonProxyHosts" value="local|*.local|169.254/16|*.169.254/16"/>
    <property name="jdk.debug" value="release"/>
    <property name="surefire.test.class.path" value="/Users/naveen/cs0320/term-project-amanjal-igurland-jpate-nsharm25/target/test-classes:/Users/naveen/cs0320/term-project-amanjal-igurland-jpate-nsharm25/target/classes:/Users/naveen/.m2/repository/net/sf/jopt-simple/jopt-simple/6.0-alpha-3/jopt-simple-6.0-alpha-3.jar:/Users/naveen/.m2/repository/junit/junit/4.13/junit-4.13.jar:/Users/naveen/.m2/repository/org/hamcrest/hamcrest-core/1.3/hamcrest-core-1.3.jar:/Users/naveen/.m2/repository/org/hamcrest/hamcrest-all/1.3/hamcrest-all-1.3.jar:/Users/naveen/.m2/repository/org/slf4j/slf4j-api/2.0.0-alpha1/slf4j-api-2.0.0-alpha1.jar:/Users/naveen/.m2/repository/org/slf4j/slf4j-jdk14/2.0.0-alpha1/slf4j-jdk14-2.0.0-alpha1.jar:/Users/naveen/.m2/repository/com/google/guava/guava/28.2-jre/guava-28.2-jre.jar:/Users/naveen/.m2/repository/com/google/guava/failureaccess/1.0.1/failureaccess-1.0.1.jar:/Users/naveen/.m2/repository/com/google/guava/listenablefuture/9999.0-empty-to-avoid-conflict-with-guava/listenablefuture-9999.0-empty-to-avoid-conflict-with-guava.jar:/Users/naveen/.m2/repository/com/google/code/findbugs/jsr305/3.0.2/jsr305-3.0.2.jar:/Users/naveen/.m2/repository/org/checkerframework/checker-qual/2.10.0/checker-qual-2.10.0.jar:/Users/naveen/.m2/repository/com/google/errorprone/error_prone_annotations/2.3.4/error_prone_annotations-2.3.4.jar:/Users/naveen/.m2/repository/com/google/j2objc/j2objc-annotations/1.3/j2objc-annotations-1.3.jar:/Users/naveen/.m2/repository/com/google/code/gson/gson/2.8.6/gson-2.8.6.jar:/Users/naveen/.m2/repository/com/sparkjava/spark-core/2.9.1/spark-core-2.9.1.jar:/Users/naveen/.m2/repository/org/eclipse/jetty/jetty-server/9.4.18.v20190429/jetty-server-9.4.18.v20190429.jar:/Users/naveen/.m2/repository/javax/servlet/javax.servlet-api/3.1.0/javax.servlet-api-3.1.0.jar:/Users/naveen/.m2/repository/org/eclipse/jetty/jetty-http/9.4.18.v20190429/jetty-http-9.4.18.v20190429.jar:/Users/naveen/.m2/repository/org/eclipse/jetty/jetty-util/9.4.18.v20190429/jetty-util-9.4.18.v20190429.jar:/Users/naveen/.m2/repository/org/eclipse/jetty/jetty-io/9.4.18.v20190429/jetty-io-9.4.18.v20190429.jar:/Users/naveen/.m2/repository/org/eclipse/jetty/jetty-webapp/9.4.18.v20190429/jetty-webapp-9.4.18.v20190429.jar:/Users/naveen/.m2/repository/org/eclipse/jetty/jetty-xml/9.4.18.v20190429/jetty-xml-9.4.18.v20190429.jar:/Users/naveen/.m2/repository/org/eclipse/jetty/jetty-servlet/9.4.18.v20190429/jetty-servlet-9.4.18.v20190429.jar:/Users/naveen/.m2/repository/org/eclipse/jetty/jetty-security/9.4.18.v20190429/jetty-security-9.4.18.v20190429.jar:/Users/naveen/.m2/repository/org/eclipse/jetty/websocket/websocket-server/9.4.18.v20190429/websocket-server-9.4.18.v20190429.jar:/Users/naveen/.m2/repository/org/eclipse/jetty/websocket/websocket-common/9.4.18.v20190429/websocket-common-9.4.18.v20190429.jar:/Users/naveen/.m2/repository/org/eclipse/jetty/websocket/websocket-client/9.4.18.v20190429/websocket-client-9.4.18.v20190429.jar:/Users/naveen/.m2/repository/org/eclipse/jetty/jetty-client/9.4.18.v20190429/jetty-client-9.4.18.v20190429.jar:/Users/naveen/.m2/repository/org/eclipse/jetty/websocket/websocket-servlet/9.4.18.v20190429/websocket-servlet-9.4.18.v20190429.jar:/Users/naveen/.m2/repository/org/eclipse/jetty/websocket/websocket-api/9.4.18.v20190429/websocket-api-9.4.18.v20190429.jar:/Users/naveen/.m2/repository/com/sparkjava/spark-template-freemarker/2.7.1/spark-template-freemarker-2.7.1.jar:/Users/naveen/.m2/repository/org/freemarker/freemarker/2.3.26-incubating/freemarker-2.3.26-incubating.jar:/Users/naveen/.m2/repository/org/xerial/sqlite-jdbc/3.30.1/sqlite-jdbc-3.30.1.jar:/Users/naveen/.m2/repository/com/vaadin/external/google/android-json/0.0.20131108.vaadin1/android-json-0.0.20131108.vaadin1.jar:"/>
    <property name="sun.cpu.endian" value="little"/>
    <property name="user.home" value="/Users/naveen"/>
    <property name="user.language" value="en"/>
    <property name="java.specification.vendor" value="Oracle Corporation"/>
    <property name="java.version.date" value="2020-10-20"/>
    <property name="java.home" value="/Library/Java/JavaVirtualMachines/jdk-11.0.9.jdk/Contents/Home"/>
    <property name="file.separator" value="/"/>
    <property name="basedir" value="/Users/naveen/cs0320/term-project-amanjal-igurland-jpate-nsharm25"/>
    <property name="java.vm.compressedOopsMode" value="Zero based"/>
    <property name="line.separator" value="&#10;"/>
    <property name="java.specification.name" value="Java Platform API Specification"/>
    <property name="java.vm.specification.vendor" value="Oracle Corporation"/>
    <property name="java.awt.graphicsenv" value="sun.awt.CGraphicsEnvironment"/>
    <property name="surefire.real.class.path" value="/Users/naveen/cs0320/term-project-amanjal-igurland-jpate-nsharm25/target/surefire/surefirebooter10794993381195013131.jar"/>
    <property name="sun.management.compiler" value="HotSpot 64-Bit Tiered Compilers"/>
    <property name="ftp.nonProxyHosts" value="local|*.local|169.254/16|*.169.254/16"/>
    <property name="java.runtime.version" value="11.0.9+7-LTS"/>
    <property name="user.name" value="naveen"/>
    <property name="path.separator" value=":"/>
    <property name="os.version" value="10.16"/>
    <property name="java.runtime.name" value="Java(TM) SE Runtime Environment"/>
    <property name="file.encoding" value="UTF-8"/>
    <property name="java.vm.name" value="Java HotSpot(TM) 64-Bit Server VM"/>
    <property name="java.vendor.version" value="18.9"/>
    <property name="localRepository" value="/Users/naveen/.m2/repository"/>
    <property name="java.vendor.url.bug" value="https://bugreport.java.com/bugreport/"/>
    <property name="java.io.tmpdir" value="/var/folders/b6/cjdz9cd533b868_sh1sf4vbr0000gn/T/"/>
    <property name="java.version" value="11.0.9"/>
    <property name="user.dir" value="/Users/naveen/cs0320/term-project-amanjal-igurland-jpate-nsharm25"/>
    <property name="os.arch" value="x86_64"/>
    <property name="java.vm.specification.name" value="Java Virtual Machine Specification"/>
    <property name="java.awt.printerjob" value="sun.lwawt.macosx.CPrinterJob"/>
    <property name="sun.os.patch.level" value="unknown"/>
    <property name="maven.skip.test" value="true"/>
    <property name="java.library.path" value="/Users/naveen/Library/Java/Extensions:/Library/Java/Extensions:/Network/Library/Java/Extensions:/System/Library/Java/Extensions:/usr/lib/java:."/>
    <property name="java.vendor" value="Oracle Corporation"/>
    <property name="java.vm.info" value="mixed mode"/>
    <property name="java.vm.version" value="11.0.9+7-LTS"/>
    <property name="sun.io.unicode.encoding" value="UnicodeBig"/>
    <property name="java.class.version" value="55.0"/>
    <property name="socksNonProxyHosts" value="local|*.local|169.254/16|*.169.254/16"/>
  </properties>
  <testcase name="starsTest" classname="edu.brown.cs.amanjal_mdeetman.WeatherRouterApp.routing.main.stars.StarsTest" time="0.007">
    <failure message="expected:&lt;[Read 10 stars from data/stars/ten-star.csv]&gt; but was:&lt;[ERROR: data/stars/ten-star.csv not found]&gt;" type="org.junit.ComparisonFailure"><![CDATA[org.junit.ComparisonFailure: expected:<[Read 10 stars from data/stars/ten-star.csv]> but was:<[ERROR: data/stars/ten-star.csv not found]>
	at edu.brown.cs.amanjal_mdeetman.WeatherRouterApp.routing.main.stars.StarsTest.starsTest(StarsTest.java:191)
]]></failure>
  </testcase>
  <testcase name="testNumStars" classname="edu.brown.cs.amanjal_mdeetman.WeatherRouterApp.routing.main.stars.StarsTest" time="0"/>
  <testcase name="testNaiveRadiusEdge" classname="edu.brown.cs.amanjal_mdeetman.WeatherRouterApp.routing.main.stars.StarsTest" time="0.001"/>
  <testcase name="testNaiveRadiusName" classname="edu.brown.cs.amanjal_mdeetman.WeatherRouterApp.routing.main.stars.StarsTest" time="0"/>
  <testcase name="starsEdgeTest" classname="edu.brown.cs.amanjal_mdeetman.WeatherRouterApp.routing.main.stars.StarsTest" time="0.001">
    <failure message="expected:&lt;[Read 0 stars from data/stars_test/no-star.csv]&gt; but was:&lt;[ERROR: data/stars_test/no-star.csv not found]&gt;" type="org.junit.ComparisonFailure"><![CDATA[org.junit.ComparisonFailure: expected:<[Read 0 stars from data/stars_test/no-star.csv]> but was:<[ERROR: data/stars_test/no-star.csv not found]>
	at edu.brown.cs.amanjal_mdeetman.WeatherRouterApp.routing.main.stars.StarsTest.starsEdgeTest(StarsTest.java:207)
]]></failure>
  </testcase>
  <testcase name="testNaiveNeighborsTie" classname="edu.brown.cs.amanjal_mdeetman.WeatherRouterApp.routing.main.stars.StarsTest" time="0"/>
  <testcase name="mockTest" classname="edu.brown.cs.amanjal_mdeetman.WeatherRouterApp.routing.main.stars.StarsTest" time="0.001">
    <failure message="expected:&lt;[Name: Othelia Wonfar,Email: owonfar0@hibu.com,Gender: Genderqueer,Address: 63 Service Junction&#10;Name: Bethany,Date: 9/30/2020,Email: bhogsden1@cargocollective.com,Gender: Male&#10;Name: Rhys Donnersberg,Email: rdonnersberg2@smh.com.au,Address: 98963 New Castle Center]&gt; but was:&lt;[ERROR: csv should have header &quot;StarID,ProperName,X,Y,Z&quot;]&gt;" type="org.junit.ComparisonFailure"><![CDATA[org.junit.ComparisonFailure: 
expected:<[Name: Othelia Wonfar,Email: owonfar0@hibu.com,Gender: Genderqueer,Address: 63 Service Junction
Name: Bethany,Date: 9/30/2020,Email: bhogsden1@cargocollective.com,Gender: Male
Name: Rhys Donnersberg,Email: rdonnersberg2@smh.com.au,Address: 98963 New Castle Center]> but was:<[ERROR: csv should have header "StarID,ProperName,X,Y,Z"]>
	at edu.brown.cs.amanjal_mdeetman.WeatherRouterApp.routing.main.stars.StarsTest.mockTest(StarsTest.java:243)
]]></failure>
  </testcase>
  <testcase name="starsErrorTest" classname="edu.brown.cs.amanjal_mdeetman.WeatherRouterApp.routing.main.stars.StarsTest" time="0.001"/>
  <testcase name="testNaiveRadiusError" classname="edu.brown.cs.amanjal_mdeetman.WeatherRouterApp.routing.main.stars.StarsTest" time="0.001"/>
  <testcase name="testNaiveNeighborsCoords" classname="edu.brown.cs.amanjal_mdeetman.WeatherRouterApp.routing.main.stars.StarsTest" time="0.001"/>
  <testcase name="testNaiveNeighborsError" classname="edu.brown.cs.amanjal_mdeetman.WeatherRouterApp.routing.main.stars.StarsTest" time="0"/>
  <testcase name="testNaiveNeighborsEdge" classname="edu.brown.cs.amanjal_mdeetman.WeatherRouterApp.routing.main.stars.StarsTest" time="0.001"/>
  <testcase name="testNaiveNeighborsName" classname="edu.brown.cs.amanjal_mdeetman.WeatherRouterApp.routing.main.stars.StarsTest" time="0"/>
  <testcase name="testNaiveRadiusCoords" classname="edu.brown.cs.amanjal_mdeetman.WeatherRouterApp.routing.main.stars.StarsTest" time="0.001"/>
</testsuite>